<?xml version="1.0" encoding="UTF-8"?>
<testng-results skipped="0" failed="0" ignored="0" total="1" passed="1">
  <reporter-output>
  </reporter-output>
  <suite name="suiteFile" duration-ms="5300" started-at="2023-03-25T11:47:04 IST" finished-at="2023-03-25T11:47:09 IST">
    <groups>
    </groups>
    <test name="Test" duration-ms="5300" started-at="2023-03-25T11:47:04 IST" finished-at="2023-03-25T11:47:09 IST">
      <class name="test.TestClass">
        <test-method status="PASS" signature="methodOne()[pri:0, instance:test.TestClass@1cab0bfb]" name="methodOne" duration-ms="5277" started-at="2023-03-25T11:47:04 IST" finished-at="2023-03-25T11:47:09 IST">
          <reporter-output>
          </reporter-output>
        </test-method> <!-- methodOne -->
      </class> <!-- test.TestClass -->
    </test> <!-- Test -->
  </suite> <!-- suiteFile -->
</testng-results>
